********************************************************************************
================================ Probe Position ================================
----------------------------------- Probe #0 -----------------------------------
	r:	0.0 m 
	theta:	0.0 rad 
	z:	20.0 m 

--------------------------------------------------------------------------------
================================================================================
=============================== Simulated Volume ===============================
--------------- Volume Information ---------------
	Coorindate System:	cylindrical
	Dimension order:	r theta z
	Number of cells:	675000
	Grid size:		(15, 15, 3000)
---------------- Simulated Axis 0 ----------------
	Dimension name:	r
	Number of bins:	15
	Axis maximum:	3.0
	Axis minimum:	0.0
	Axis spacing:	log2	(first upper edge: 0.01)

---------------- Simulated Axis 1 ----------------
	Dimension name:	theta
	Number of bins:	15
	Axis maximum:	360.0
	Axis minimum:	0.0
	Axis spacing:	linear

---------------- Simulated Axis 2 ----------------
	Dimension name:	z
	Number of bins:	3000
	Axis maximum:	60.0
	Axis minimum:	0.0
	Axis spacing:	linear

-------------- Simulated Time Axis ---------------
	Dimension name:	t
	Number of bins:	360
	Axis maximum:	3.6000000000000005e-07
	Axis minimum:	0.0
	Axis spacing:	linear


================================================================================
================================ Reading Input =================================
===================================== Done =====================================
================================ Writing Output ================================
	Writing static field result to: ../data/efield_static_probe0_20250603_163216.txt
	Writing induction field result to: ../data/efield_induction_probe0_20250603_163216.txt
	Writing radiation field result to: ../data/efield_radiation_probe0_20250603_163216.txt
===================================== Done =====================================
********************************************************************************
